<?xml version="1.0" encoding="UTF-8"?>
<!-- Generated by org.testng.reporters.JUnitReportReporter -->
<testsuite skipped="0" hostname="DESKTOP-452COLP" name="AddNewCustomer.Run_Common" tests="1" failures="0" timestamp="2020-04-21T12:53:18 IST" time="61.720" errors="0">
  <testcase name="HTML" time="61.720" classname="AddNewCustomer.Run_Common"/>
</testsuite> <!-- AddNewCustomer.Run_Common -->
