<?xml version="1.0" encoding="UTF-8"?>
<!-- Generated by org.testng.reporters.JUnitReportReporter -->
<testsuite skipped="0" hostname="DESKTOP-452COLP" name="QSR.RunCheck" tests="1" failures="0" timestamp="2020-05-04T17:57:06 IST" time="1488.578" errors="0">
  <testcase name="HTM" time="1488.578" classname="QSR.RunCheck"/>
</testsuite> <!-- QSR.RunCheck -->
