<?xml version="1.0" encoding="UTF-8"?>
<!-- Generated by org.testng.reporters.JUnitReportReporter -->
<testsuite skipped="0" hostname="DESKTOP-452COLP" name="PickUp.Run_AllInvoices" tests="1" failures="0" timestamp="2020-04-30T12:51:02 IST" time="407.114" errors="0">
  <testcase name="HTML" time="407.114" classname="PickUp.Run_AllInvoices"/>
</testsuite> <!-- PickUp.Run_AllInvoices -->
