<?xml version="1.0" encoding="UTF-8"?>
<!-- Generated by org.testng.reporters.JUnitReportReporter -->
<testsuite skipped="0" hostname="Visdev2" name="Common_Functionalities.Run_Common" tests="1" failures="0" timestamp="31 Oct 2018 07:11:30 GMT" time="100.676" errors="0">
  <testcase name="HTML" time="100.676" classname="Common_Functionalities.Run_Common"/>
</testsuite> <!-- Common_Functionalities.Run_Common -->
