<?xml version="1.0" encoding="UTF-8"?>
<!-- Generated by org.testng.reporters.JUnitReportReporter -->
<testsuite skipped="0" hostname="DESKTOP-452COLP" name="QSR.Run_AllInvoices" tests="1" failures="0" timestamp="2020-05-05T12:39:14 IST" time="2031.503" errors="0">
  <testcase name="HTM" time="2031.503" classname="QSR.Run_AllInvoices"/>
</testsuite> <!-- QSR.Run_AllInvoices -->
