<?xml version="1.0" encoding="UTF-8"?>
<!-- Generated by org.testng.reporters.JUnitReportReporter -->
<testsuite skipped="0" hostname="DESKTOP-452COLP" name="HomeDeliveryInvoices.Run_AllInvoices" tests="1" failures="0" timestamp="2020-04-30T12:05:50 IST" time="362.010" errors="0">
  <testcase name="HTML" time="362.010" classname="HomeDeliveryInvoices.Run_AllInvoices"/>
</testsuite> <!-- HomeDeliveryInvoices.Run_AllInvoices -->
