<?xml version="1.0" encoding="UTF-8"?>
<!-- Generated by org.testng.reporters.JUnitReportReporter -->
<testsuite skipped="0" hostname="DESKTOP-452COLP" name="SelectUtility.Run_SelectUtility" tests="1" failures="0" timestamp="2020-05-05T16:27:19 IST" time="294.285" errors="0">
  <testcase name="HTML" time="294.285" classname="SelectUtility.Run_SelectUtility"/>
</testsuite> <!-- SelectUtility.Run_SelectUtility -->
